2026-04-13 08:22:02.505 INFO  --> Starting AllPostEndpointsTest using Java 25.0.2 with PID 44655 (started by etech in /Users/etech/Documents/OOP Project Materials/MyResourcer)
2026-04-13 08:22:02.515 DEBUG --> Running with Spring Boot v4.0.3, Spring v7.0.5
2026-04-13 08:22:02.515 INFO  --> No active profile set, falling back to 1 default profile: "default"
2026-04-13 08:22:02.907 INFO  --> Bootstrapping Spring Data JPA repositories in DEFAULT mode.
2026-04-13 08:22:02.943 INFO  --> Finished Spring Data repository scanning in 30 ms. Found 9 JPA repository interfaces.
2026-04-13 08:22:03.851 INFO  --> HHH008540: Processing PersistenceUnitInfo [name: default]
2026-04-13 08:22:03.886 INFO  --> HHH000001: Hibernate ORM core version 7.2.4.Final
2026-04-13 08:22:04.044 INFO  --> No LoadTimeWeaver setup: ignoring JPA class transformer
2026-04-13 08:22:04.065 INFO  --> HikariPool-1 - Starting...
2026-04-13 08:22:04.357 INFO  --> HikariPool-1 - Added connection com.mysql.cj.jdbc.ConnectionImpl@36e9fd4f
2026-04-13 08:22:04.357 INFO  --> HikariPool-1 - Start completed.
2026-04-13 08:22:04.432 INFO  --> HHH10001005: Database info:
	Database JDBC URL [jdbc:mysql://localhost:3306/myTestResourcerDB?createDatabaseIfNotExist=true]
	Database driver: MySQL Connector/J
	Database dialect: MySQLDialect
	Database version: 9.6
	Default catalog/schema: myTestResourcerDB/undefined
	Autocommit mode: undefined/unknown
	Isolation level: REPEATABLE_READ [default REPEATABLE_READ]
	JDBC fetch size: none
	Pool: DataSourceConnectionProvider
	Minimum pool size: undefined/unknown
	Maximum pool size: undefined/unknown
2026-04-13 08:22:04.872 INFO  --> HHH000489: No JTA platform available (set 'hibernate.transaction.jta.platform' to enable JTA platform integration)
2026-04-13 08:22:04.999 INFO  --> Initialized JPA EntityManagerFactory for persistence unit 'default'
2026-04-13 08:22:05.047 INFO  --> Hibernate is in classpath; If applicable, HQL parser will be used.
2026-04-13 08:22:05.149 WARN  --> spring.jpa.open-in-view is enabled by default. Therefore, database queries may be performed during view rendering. Explicitly configure spring.jpa.open-in-view to disable this warning
2026-04-13 08:22:05.206 INFO  --> Global AuthenticationManager configured with UserDetailsService bean with name customUserDetailsService
2026-04-13 08:22:05.311 INFO  --> Adding welcome page template: index
2026-04-13 08:22:05.488 INFO  --> Initializing Spring TestDispatcherServlet ''
2026-04-13 08:22:05.488 INFO  --> Initializing Servlet ''
2026-04-13 08:22:05.489 INFO  --> Completed initialization in 1 ms
2026-04-13 08:22:05.512 INFO  --> Started AllPostEndpointsTest in 3.234 seconds (process running for 4.188)
2026-04-13 08:22:05.673 INFO  --> Closing JPA EntityManagerFactory for persistence unit 'default'
2026-04-13 08:22:05.675 INFO  --> HikariPool-1 - Shutdown initiated...
2026-04-13 08:22:05.679 INFO  --> HikariPool-1 - Shutdown completed.
2026-04-13 08:36:28.710 INFO  --> Starting AllPostEndpointsTest using Java 25.0.2 with PID 44844 (started by etech in /Users/etech/Documents/OOP Project Materials/MyResourcer)
2026-04-13 08:36:28.724 DEBUG --> Running with Spring Boot v4.0.3, Spring v7.0.5
2026-04-13 08:36:28.725 INFO  --> No active profile set, falling back to 1 default profile: "default"
2026-04-13 08:36:29.169 INFO  --> Bootstrapping Spring Data JPA repositories in DEFAULT mode.
2026-04-13 08:36:29.206 INFO  --> Finished Spring Data repository scanning in 30 ms. Found 9 JPA repository interfaces.
2026-04-13 08:36:30.098 INFO  --> HHH008540: Processing PersistenceUnitInfo [name: default]
2026-04-13 08:36:30.132 INFO  --> HHH000001: Hibernate ORM core version 7.2.4.Final
2026-04-13 08:36:30.296 INFO  --> No LoadTimeWeaver setup: ignoring JPA class transformer
2026-04-13 08:36:30.319 INFO  --> HikariPool-1 - Starting...
2026-04-13 08:36:30.630 INFO  --> HikariPool-1 - Added connection com.mysql.cj.jdbc.ConnectionImpl@7d661205
2026-04-13 08:36:30.630 INFO  --> HikariPool-1 - Start completed.
2026-04-13 08:36:30.708 INFO  --> HHH10001005: Database info:
	Database JDBC URL [jdbc:mysql://localhost:3306/myTestResourcerDB?createDatabaseIfNotExist=true]
	Database driver: MySQL Connector/J
	Database dialect: MySQLDialect
	Database version: 9.6
	Default catalog/schema: myTestResourcerDB/undefined
	Autocommit mode: undefined/unknown
	Isolation level: REPEATABLE_READ [default REPEATABLE_READ]
	JDBC fetch size: none
	Pool: DataSourceConnectionProvider
	Minimum pool size: undefined/unknown
	Maximum pool size: undefined/unknown
2026-04-13 08:36:31.185 INFO  --> HHH000489: No JTA platform available (set 'hibernate.transaction.jta.platform' to enable JTA platform integration)
2026-04-13 08:36:31.287 INFO  --> Initialized JPA EntityManagerFactory for persistence unit 'default'
2026-04-13 08:36:31.339 INFO  --> Hibernate is in classpath; If applicable, HQL parser will be used.
2026-04-13 08:36:31.444 WARN  --> spring.jpa.open-in-view is enabled by default. Therefore, database queries may be performed during view rendering. Explicitly configure spring.jpa.open-in-view to disable this warning
2026-04-13 08:36:31.496 INFO  --> Global AuthenticationManager configured with UserDetailsService bean with name customUserDetailsService
2026-04-13 08:36:31.609 INFO  --> Adding welcome page template: index
2026-04-13 08:36:31.794 INFO  --> Initializing Spring TestDispatcherServlet ''
2026-04-13 08:36:31.794 INFO  --> Initializing Servlet ''
2026-04-13 08:36:31.795 INFO  --> Completed initialization in 1 ms
2026-04-13 08:36:31.812 INFO  --> Started AllPostEndpointsTest in 3.387 seconds (process running for 4.395)
2026-04-13 08:36:31.921 INFO  --> Asset Requested with ID: 1, by user with Id: 1
2026-04-13 08:36:31.926 DEBUG --> Request Successfully Sent, with asset ID: 1, by user with Id: 1
2026-04-13 08:36:31.956 INFO  --> Adding new category: Test Category
2026-04-13 08:36:31.958 DEBUG --> Category added successfully: Test Category
2026-04-13 08:36:31.965 INFO  --> Adding new role: Test Role
2026-04-13 08:36:31.966 DEBUG --> Role added successfully: Test Role
2026-04-13 08:36:31.977 WARN  --> Resolved [org.springframework.http.converter.HttpMessageNotReadableException: JSON parse error: Cannot deserialize value of type `java.lang.Integer` from Object value (token `JsonToken.START_OBJECT`)]
2026-04-13 08:36:31.992 INFO  --> Adding new department: Test Department
2026-04-13 08:36:31.992 DEBUG --> Department added successfully: Test Department
2026-04-13 08:36:32.004 INFO  --> Adding new asset: Test Asset
2026-04-13 08:36:32.004 DEBUG --> Asset added successfully: Test Asset
2026-04-13 08:36:32.013 INFO  --> Adding new condition: Test Condition
2026-04-13 08:36:32.014 DEBUG --> Condition added successfully: Test Condition
2026-04-13 08:36:32.021 INFO  --> Adding new status: Test Status
2026-04-13 08:36:32.022 DEBUG --> Status added successfully: Test Status
2026-04-13 08:36:32.032 INFO  --> Closing JPA EntityManagerFactory for persistence unit 'default'
2026-04-13 08:36:32.033 INFO  --> HikariPool-1 - Shutdown initiated...
2026-04-13 08:36:32.036 INFO  --> HikariPool-1 - Shutdown completed.
2026-04-13 08:37:06.534 INFO  --> Starting AllPostEndpointsTest using Java 25.0.2 with PID 44855 (started by etech in /Users/etech/Documents/OOP Project Materials/MyResourcer)
2026-04-13 08:37:06.545 DEBUG --> Running with Spring Boot v4.0.3, Spring v7.0.5
2026-04-13 08:37:06.546 INFO  --> No active profile set, falling back to 1 default profile: "default"
2026-04-13 08:37:06.966 INFO  --> Bootstrapping Spring Data JPA repositories in DEFAULT mode.
2026-04-13 08:37:07.002 INFO  --> Finished Spring Data repository scanning in 29 ms. Found 9 JPA repository interfaces.
2026-04-13 08:37:07.926 INFO  --> HHH008540: Processing PersistenceUnitInfo [name: default]
2026-04-13 08:37:07.966 INFO  --> HHH000001: Hibernate ORM core version 7.2.4.Final
2026-04-13 08:37:08.159 INFO  --> No LoadTimeWeaver setup: ignoring JPA class transformer
2026-04-13 08:37:08.187 INFO  --> HikariPool-1 - Starting...
2026-04-13 08:37:08.429 INFO  --> HikariPool-1 - Added connection com.mysql.cj.jdbc.ConnectionImpl@299e245c
2026-04-13 08:37:08.430 INFO  --> HikariPool-1 - Start completed.
2026-04-13 08:37:08.483 INFO  --> HHH10001005: Database info:
	Database JDBC URL [jdbc:mysql://localhost:3306/myTestResourcerDB?createDatabaseIfNotExist=true]
	Database driver: MySQL Connector/J
	Database dialect: MySQLDialect
	Database version: 9.6
	Default catalog/schema: myTestResourcerDB/undefined
	Autocommit mode: undefined/unknown
	Isolation level: REPEATABLE_READ [default REPEATABLE_READ]
	JDBC fetch size: none
	Pool: DataSourceConnectionProvider
	Minimum pool size: undefined/unknown
	Maximum pool size: undefined/unknown
2026-04-13 08:37:09.056 INFO  --> HHH000489: No JTA platform available (set 'hibernate.transaction.jta.platform' to enable JTA platform integration)
2026-04-13 08:37:09.163 INFO  --> Initialized JPA EntityManagerFactory for persistence unit 'default'
2026-04-13 08:37:09.225 INFO  --> Hibernate is in classpath; If applicable, HQL parser will be used.
2026-04-13 08:37:09.336 WARN  --> spring.jpa.open-in-view is enabled by default. Therefore, database queries may be performed during view rendering. Explicitly configure spring.jpa.open-in-view to disable this warning
2026-04-13 08:37:09.391 INFO  --> Global AuthenticationManager configured with UserDetailsService bean with name customUserDetailsService
2026-04-13 08:37:09.507 INFO  --> Adding welcome page template: index
2026-04-13 08:37:09.718 INFO  --> Initializing Spring TestDispatcherServlet ''
2026-04-13 08:37:09.718 INFO  --> Initializing Servlet ''
2026-04-13 08:37:09.719 INFO  --> Completed initialization in 1 ms
2026-04-13 08:37:09.736 INFO  --> Started AllPostEndpointsTest in 3.417 seconds (process running for 4.328)
2026-04-13 08:37:09.832 INFO  --> Closing JPA EntityManagerFactory for persistence unit 'default'
2026-04-13 08:37:09.833 INFO  --> HikariPool-1 - Shutdown initiated...
2026-04-13 08:37:09.836 INFO  --> HikariPool-1 - Shutdown completed.
2026-04-13 08:39:05.589 INFO  --> Starting AllPostEndpointsTest using Java 25.0.2 with PID 44873 (started by etech in /Users/etech/Documents/OOP Project Materials/MyResourcer)
2026-04-13 08:39:05.594 DEBUG --> Running with Spring Boot v4.0.3, Spring v7.0.5
2026-04-13 08:39:05.595 INFO  --> No active profile set, falling back to 1 default profile: "default"
2026-04-13 08:39:05.993 INFO  --> Bootstrapping Spring Data JPA repositories in DEFAULT mode.
2026-04-13 08:39:06.028 INFO  --> Finished Spring Data repository scanning in 30 ms. Found 9 JPA repository interfaces.
2026-04-13 08:39:06.938 INFO  --> HHH008540: Processing PersistenceUnitInfo [name: default]
2026-04-13 08:39:06.975 INFO  --> HHH000001: Hibernate ORM core version 7.2.4.Final
2026-04-13 08:39:07.161 INFO  --> No LoadTimeWeaver setup: ignoring JPA class transformer
2026-04-13 08:39:07.189 INFO  --> HikariPool-1 - Starting...
2026-04-13 08:39:07.453 INFO  --> HikariPool-1 - Added connection com.mysql.cj.jdbc.ConnectionImpl@3423f353
2026-04-13 08:39:07.454 INFO  --> HikariPool-1 - Start completed.
2026-04-13 08:39:07.509 INFO  --> HHH10001005: Database info:
	Database JDBC URL [jdbc:mysql://localhost:3306/myTestResourcerDB?createDatabaseIfNotExist=true]
	Database driver: MySQL Connector/J
	Database dialect: MySQLDialect
	Database version: 9.6
	Default catalog/schema: myTestResourcerDB/undefined
	Autocommit mode: undefined/unknown
	Isolation level: REPEATABLE_READ [default REPEATABLE_READ]
	JDBC fetch size: none
	Pool: DataSourceConnectionProvider
	Minimum pool size: undefined/unknown
	Maximum pool size: undefined/unknown
2026-04-13 08:39:08.016 INFO  --> HHH000489: No JTA platform available (set 'hibernate.transaction.jta.platform' to enable JTA platform integration)
2026-04-13 08:39:08.088 INFO  --> Initialized JPA EntityManagerFactory for persistence unit 'default'
2026-04-13 08:39:08.139 INFO  --> Hibernate is in classpath; If applicable, HQL parser will be used.
2026-04-13 08:39:08.256 WARN  --> spring.jpa.open-in-view is enabled by default. Therefore, database queries may be performed during view rendering. Explicitly configure spring.jpa.open-in-view to disable this warning
2026-04-13 08:39:08.320 INFO  --> Global AuthenticationManager configured with UserDetailsService bean with name customUserDetailsService
2026-04-13 08:39:08.436 INFO  --> Adding welcome page template: index
2026-04-13 08:39:08.637 INFO  --> Initializing Spring TestDispatcherServlet ''
2026-04-13 08:39:08.638 INFO  --> Initializing Servlet ''
2026-04-13 08:39:08.638 INFO  --> Completed initialization in 0 ms
2026-04-13 08:39:08.654 INFO  --> Started AllPostEndpointsTest in 3.316 seconds (process running for 4.338)
2026-04-13 08:39:08.757 INFO  --> Closing JPA EntityManagerFactory for persistence unit 'default'
2026-04-13 08:39:08.759 INFO  --> HikariPool-1 - Shutdown initiated...
2026-04-13 08:39:08.762 INFO  --> HikariPool-1 - Shutdown completed.
2026-04-13 08:47:02.878 INFO  --> Starting AllPostEndpointsTest using Java 25.0.2 with PID 44952 (started by etech in /Users/etech/Documents/OOP Project Materials/MyResourcer)
2026-04-13 08:47:02.889 DEBUG --> Running with Spring Boot v4.0.3, Spring v7.0.5
2026-04-13 08:47:02.889 INFO  --> No active profile set, falling back to 1 default profile: "default"
2026-04-13 08:47:03.452 INFO  --> Bootstrapping Spring Data JPA repositories in DEFAULT mode.
2026-04-13 08:47:03.526 INFO  --> Finished Spring Data repository scanning in 56 ms. Found 9 JPA repository interfaces.
2026-04-13 08:47:04.533 INFO  --> HHH008540: Processing PersistenceUnitInfo [name: default]
2026-04-13 08:47:04.572 INFO  --> HHH000001: Hibernate ORM core version 7.2.4.Final
2026-04-13 08:47:04.730 INFO  --> No LoadTimeWeaver setup: ignoring JPA class transformer
2026-04-13 08:47:04.754 INFO  --> HikariPool-1 - Starting...
2026-04-13 08:47:05.041 INFO  --> HikariPool-1 - Added connection com.mysql.cj.jdbc.ConnectionImpl@5d180628
2026-04-13 08:47:05.042 INFO  --> HikariPool-1 - Start completed.
2026-04-13 08:47:05.104 INFO  --> HHH10001005: Database info:
	Database JDBC URL [jdbc:mysql://localhost:3306/myTestResourcerDB?createDatabaseIfNotExist=true]
	Database driver: MySQL Connector/J
	Database dialect: MySQLDialect
	Database version: 9.6
	Default catalog/schema: myTestResourcerDB/undefined
	Autocommit mode: undefined/unknown
	Isolation level: REPEATABLE_READ [default REPEATABLE_READ]
	JDBC fetch size: none
	Pool: DataSourceConnectionProvider
	Minimum pool size: undefined/unknown
	Maximum pool size: undefined/unknown
2026-04-13 08:47:05.555 INFO  --> HHH000489: No JTA platform available (set 'hibernate.transaction.jta.platform' to enable JTA platform integration)
2026-04-13 08:47:05.639 INFO  --> Initialized JPA EntityManagerFactory for persistence unit 'default'
2026-04-13 08:47:05.690 INFO  --> Hibernate is in classpath; If applicable, HQL parser will be used.
2026-04-13 08:47:05.804 WARN  --> spring.jpa.open-in-view is enabled by default. Therefore, database queries may be performed during view rendering. Explicitly configure spring.jpa.open-in-view to disable this warning
2026-04-13 08:47:05.860 INFO  --> Global AuthenticationManager configured with UserDetailsService bean with name customUserDetailsService
2026-04-13 08:47:05.972 INFO  --> Adding welcome page template: index
2026-04-13 08:47:06.155 INFO  --> Initializing Spring TestDispatcherServlet ''
2026-04-13 08:47:06.156 INFO  --> Initializing Servlet ''
2026-04-13 08:47:06.156 INFO  --> Completed initialization in 0 ms
2026-04-13 08:47:06.174 INFO  --> Started AllPostEndpointsTest in 3.557 seconds (process running for 4.604)
2026-04-13 08:47:06.486 INFO  --> Closing JPA EntityManagerFactory for persistence unit 'default'
2026-04-13 08:47:06.487 INFO  --> HikariPool-1 - Shutdown initiated...
2026-04-13 08:47:06.491 INFO  --> HikariPool-1 - Shutdown completed.
2026-04-13 08:47:55.381 INFO  --> Starting AllPostEndpointsTest using Java 25.0.2 with PID 44969 (started by etech in /Users/etech/Documents/OOP Project Materials/MyResourcer)
2026-04-13 08:47:55.389 DEBUG --> Running with Spring Boot v4.0.3, Spring v7.0.5
2026-04-13 08:47:55.389 INFO  --> No active profile set, falling back to 1 default profile: "default"
2026-04-13 08:47:55.735 INFO  --> Bootstrapping Spring Data JPA repositories in DEFAULT mode.
2026-04-13 08:47:55.767 INFO  --> Finished Spring Data repository scanning in 26 ms. Found 9 JPA repository interfaces.
2026-04-13 08:47:56.624 INFO  --> HHH008540: Processing PersistenceUnitInfo [name: default]
2026-04-13 08:47:56.660 INFO  --> HHH000001: Hibernate ORM core version 7.2.4.Final
2026-04-13 08:47:56.815 INFO  --> No LoadTimeWeaver setup: ignoring JPA class transformer
2026-04-13 08:47:56.838 INFO  --> HikariPool-1 - Starting...
2026-04-13 08:47:57.083 INFO  --> HikariPool-1 - Added connection com.mysql.cj.jdbc.ConnectionImpl@6b72c62
2026-04-13 08:47:57.084 INFO  --> HikariPool-1 - Start completed.
2026-04-13 08:47:57.129 INFO  --> HHH10001005: Database info:
	Database JDBC URL [jdbc:mysql://localhost:3306/myTestResourcerDB?createDatabaseIfNotExist=true]
	Database driver: MySQL Connector/J
	Database dialect: MySQLDialect
	Database version: 9.6
	Default catalog/schema: myTestResourcerDB/undefined
	Autocommit mode: undefined/unknown
	Isolation level: REPEATABLE_READ [default REPEATABLE_READ]
	JDBC fetch size: none
	Pool: DataSourceConnectionProvider
	Minimum pool size: undefined/unknown
	Maximum pool size: undefined/unknown
2026-04-13 08:47:57.565 INFO  --> HHH000489: No JTA platform available (set 'hibernate.transaction.jta.platform' to enable JTA platform integration)
2026-04-13 08:47:57.638 INFO  --> Initialized JPA EntityManagerFactory for persistence unit 'default'
2026-04-13 08:47:57.686 INFO  --> Hibernate is in classpath; If applicable, HQL parser will be used.
2026-04-13 08:47:57.785 WARN  --> spring.jpa.open-in-view is enabled by default. Therefore, database queries may be performed during view rendering. Explicitly configure spring.jpa.open-in-view to disable this warning
2026-04-13 08:47:57.840 INFO  --> Global AuthenticationManager configured with UserDetailsService bean with name customUserDetailsService
2026-04-13 08:47:57.946 INFO  --> Adding welcome page template: index
2026-04-13 08:47:58.133 INFO  --> Initializing Spring TestDispatcherServlet ''
2026-04-13 08:47:58.133 INFO  --> Initializing Servlet ''
2026-04-13 08:47:58.134 INFO  --> Completed initialization in 1 ms
2026-04-13 08:47:58.150 INFO  --> Started AllPostEndpointsTest in 2.974 seconds (process running for 3.801)
2026-04-13 08:47:58.420 INFO  --> Closing JPA EntityManagerFactory for persistence unit 'default'
2026-04-13 08:47:58.422 INFO  --> HikariPool-1 - Shutdown initiated...
2026-04-13 08:47:58.426 INFO  --> HikariPool-1 - Shutdown completed.
2026-04-13 08:54:23.346 INFO  --> Starting AllPostEndpointsTest using Java 25.0.2 with PID 45020 (started by etech in /Users/etech/Documents/OOP Project Materials/MyResourcer)
2026-04-13 08:54:23.360 DEBUG --> Running with Spring Boot v4.0.3, Spring v7.0.5
2026-04-13 08:54:23.361 INFO  --> No active profile set, falling back to 1 default profile: "default"
2026-04-13 08:54:24.021 INFO  --> Bootstrapping Spring Data JPA repositories in DEFAULT mode.
2026-04-13 08:54:24.081 INFO  --> Finished Spring Data repository scanning in 51 ms. Found 9 JPA repository interfaces.
2026-04-13 08:54:25.540 INFO  --> HHH008540: Processing PersistenceUnitInfo [name: default]
2026-04-13 08:54:25.600 INFO  --> HHH000001: Hibernate ORM core version 7.2.4.Final
2026-04-13 08:54:25.874 INFO  --> No LoadTimeWeaver setup: ignoring JPA class transformer
2026-04-13 08:54:25.912 INFO  --> HikariPool-1 - Starting...
2026-04-13 08:54:26.338 INFO  --> HikariPool-1 - Added connection com.mysql.cj.jdbc.ConnectionImpl@20183e2d
2026-04-13 08:54:26.339 INFO  --> HikariPool-1 - Start completed.
2026-04-13 08:54:26.431 INFO  --> HHH10001005: Database info:
	Database JDBC URL [jdbc:mysql://localhost:3306/myTestResourcerDB?createDatabaseIfNotExist=true]
	Database driver: MySQL Connector/J
	Database dialect: MySQLDialect
	Database version: 9.6
	Default catalog/schema: myTestResourcerDB/undefined
	Autocommit mode: undefined/unknown
	Isolation level: REPEATABLE_READ [default REPEATABLE_READ]
	JDBC fetch size: none
	Pool: DataSourceConnectionProvider
	Minimum pool size: undefined/unknown
	Maximum pool size: undefined/unknown
2026-04-13 08:54:27.178 INFO  --> HHH000489: No JTA platform available (set 'hibernate.transaction.jta.platform' to enable JTA platform integration)
2026-04-13 08:54:27.292 INFO  --> Initialized JPA EntityManagerFactory for persistence unit 'default'
2026-04-13 08:54:27.374 INFO  --> Hibernate is in classpath; If applicable, HQL parser will be used.
2026-04-13 08:54:27.536 WARN  --> spring.jpa.open-in-view is enabled by default. Therefore, database queries may be performed during view rendering. Explicitly configure spring.jpa.open-in-view to disable this warning
2026-04-13 08:54:27.631 INFO  --> Global AuthenticationManager configured with UserDetailsService bean with name customUserDetailsService
2026-04-13 08:54:27.830 INFO  --> Adding welcome page template: index
2026-04-13 08:54:28.332 INFO  --> Initializing Spring TestDispatcherServlet ''
2026-04-13 08:54:28.333 INFO  --> Initializing Servlet ''
2026-04-13 08:54:28.335 INFO  --> Completed initialization in 1 ms
2026-04-13 08:54:28.364 INFO  --> Started AllPostEndpointsTest in 5.384 seconds (process running for 6.904)
2026-04-13 08:54:28.595 INFO  --> Asset Requested with ID: 1, by user with Id: 1
2026-04-13 08:54:28.613 DEBUG --> Request Successfully Sent, with asset ID: 1, by user with Id: 1
2026-04-13 08:54:28.667 INFO  --> Adding new category: Test Category
2026-04-13 08:54:28.669 DEBUG --> Category added successfully: Test Category
2026-04-13 08:54:28.682 INFO  --> Adding new role: Test Role
2026-04-13 08:54:28.682 DEBUG --> Role added successfully: Test Role
2026-04-13 08:54:28.708 WARN  --> Resolved [org.springframework.http.converter.HttpMessageNotReadableException: JSON parse error: Cannot deserialize value of type `java.lang.Integer` from Object value (token `JsonToken.START_OBJECT`)]
2026-04-13 08:54:28.733 INFO  --> Adding new department: Test Department
2026-04-13 08:54:28.733 DEBUG --> Department added successfully: Test Department
2026-04-13 08:54:28.749 INFO  --> Adding new asset: Test Asset
2026-04-13 08:54:28.749 DEBUG --> Asset added successfully: Test Asset
2026-04-13 08:54:28.758 INFO  --> Adding new condition: Test Condition
2026-04-13 08:54:28.759 DEBUG --> Condition added successfully: Test Condition
2026-04-13 08:54:28.766 INFO  --> Adding new status: Test Status
2026-04-13 08:54:28.767 DEBUG --> Status added successfully: Test Status
2026-04-13 08:54:28.777 INFO  --> Closing JPA EntityManagerFactory for persistence unit 'default'
2026-04-13 08:54:28.779 INFO  --> HikariPool-1 - Shutdown initiated...
2026-04-13 08:54:28.785 INFO  --> HikariPool-1 - Shutdown completed.
2026-04-13 09:35:40.619 INFO  --> Starting AllPostEndpointsTest using Java 25.0.2 with PID 45308 (started by etech in /Users/etech/Documents/OOP Project Materials/MyResourcer)
2026-04-13 09:35:40.626 DEBUG --> Running with Spring Boot v4.0.3, Spring v7.0.5
2026-04-13 09:35:40.627 INFO  --> No active profile set, falling back to 1 default profile: "default"
2026-04-13 09:35:41.011 INFO  --> Bootstrapping Spring Data JPA repositories in DEFAULT mode.
2026-04-13 09:35:41.047 INFO  --> Finished Spring Data repository scanning in 30 ms. Found 9 JPA repository interfaces.
2026-04-13 09:35:41.916 INFO  --> HHH008540: Processing PersistenceUnitInfo [name: default]
2026-04-13 09:35:41.959 INFO  --> HHH000001: Hibernate ORM core version 7.2.4.Final
2026-04-13 09:35:42.123 INFO  --> No LoadTimeWeaver setup: ignoring JPA class transformer
2026-04-13 09:35:42.148 INFO  --> HikariPool-1 - Starting...
2026-04-13 09:35:42.509 INFO  --> HikariPool-1 - Added connection com.mysql.cj.jdbc.ConnectionImpl@589cc8eb
2026-04-13 09:35:42.509 INFO  --> HikariPool-1 - Start completed.
2026-04-13 09:35:42.577 INFO  --> HHH10001005: Database info:
	Database JDBC URL [jdbc:mysql://localhost:3306/myTestResourcerDB?createDatabaseIfNotExist=true]
	Database driver: MySQL Connector/J
	Database dialect: MySQLDialect
	Database version: 9.6
	Default catalog/schema: myTestResourcerDB/undefined
	Autocommit mode: undefined/unknown
	Isolation level: REPEATABLE_READ [default REPEATABLE_READ]
	JDBC fetch size: none
	Pool: DataSourceConnectionProvider
	Minimum pool size: undefined/unknown
	Maximum pool size: undefined/unknown
2026-04-13 09:35:43.108 INFO  --> HHH000489: No JTA platform available (set 'hibernate.transaction.jta.platform' to enable JTA platform integration)
2026-04-13 09:35:43.200 INFO  --> Initialized JPA EntityManagerFactory for persistence unit 'default'
2026-04-13 09:35:43.252 INFO  --> Hibernate is in classpath; If applicable, HQL parser will be used.
2026-04-13 09:35:43.357 WARN  --> spring.jpa.open-in-view is enabled by default. Therefore, database queries may be performed during view rendering. Explicitly configure spring.jpa.open-in-view to disable this warning
2026-04-13 09:35:43.412 INFO  --> Global AuthenticationManager configured with UserDetailsService bean with name customUserDetailsService
2026-04-13 09:35:43.524 INFO  --> Adding welcome page template: index
2026-04-13 09:35:43.717 INFO  --> Initializing Spring TestDispatcherServlet ''
2026-04-13 09:35:43.717 INFO  --> Initializing Servlet ''
2026-04-13 09:35:43.718 INFO  --> Completed initialization in 1 ms
2026-04-13 09:35:43.735 INFO  --> Started AllPostEndpointsTest in 3.337 seconds (process running for 4.348)
2026-04-13 09:35:43.872 INFO  --> Asset Requested with ID: 1, by user with Id: 1
2026-04-13 09:35:43.883 DEBUG --> Request Successfully Sent, with asset ID: 1, by user with Id: 1
2026-04-13 09:35:43.929 INFO  --> Adding new category: Test Category
2026-04-13 09:35:43.931 DEBUG --> Category added successfully: Test Category
2026-04-13 09:35:43.942 INFO  --> Adding new role: Test Role
2026-04-13 09:35:43.942 DEBUG --> Role added successfully: Test Role
2026-04-13 09:35:43.951 INFO  --> Adding new user: testuser
2026-04-13 09:35:43.951 DEBUG --> User added successfully: testuser
2026-04-13 09:35:43.960 INFO  --> Adding new department: Test Department
2026-04-13 09:35:43.960 DEBUG --> Department added successfully: Test Department
2026-04-13 09:35:43.972 INFO  --> Adding new asset: Test Asset
2026-04-13 09:35:43.973 DEBUG --> Asset added successfully: Test Asset
2026-04-13 09:35:43.984 INFO  --> Adding new condition: Test Condition
2026-04-13 09:35:43.984 DEBUG --> Condition added successfully: Test Condition
2026-04-13 09:35:43.998 INFO  --> Adding new status: Test Status
2026-04-13 09:35:43.999 DEBUG --> Status added successfully: Test Status
2026-04-13 09:35:44.017 INFO  --> Closing JPA EntityManagerFactory for persistence unit 'default'
2026-04-13 09:35:44.019 INFO  --> HikariPool-1 - Shutdown initiated...
2026-04-13 09:35:44.023 INFO  --> HikariPool-1 - Shutdown completed.
2026-04-13 09:43:19.230 INFO  --> Starting AllPostEndpointsTest using Java 25.0.2 with PID 45372 (started by etech in /Users/etech/Documents/OOP Project Materials/MyResourcer)
2026-04-13 09:43:19.236 DEBUG --> Running with Spring Boot v4.0.3, Spring v7.0.5
2026-04-13 09:43:19.236 INFO  --> No active profile set, falling back to 1 default profile: "default"
2026-04-13 09:43:19.618 INFO  --> Bootstrapping Spring Data JPA repositories in DEFAULT mode.
2026-04-13 09:43:19.654 INFO  --> Finished Spring Data repository scanning in 30 ms. Found 9 JPA repository interfaces.
2026-04-13 09:43:20.534 INFO  --> HHH008540: Processing PersistenceUnitInfo [name: default]
2026-04-13 09:43:20.568 INFO  --> HHH000001: Hibernate ORM core version 7.2.4.Final
2026-04-13 09:43:20.727 INFO  --> No LoadTimeWeaver setup: ignoring JPA class transformer
2026-04-13 09:43:20.748 INFO  --> HikariPool-1 - Starting...
2026-04-13 09:43:21.005 INFO  --> HikariPool-1 - Added connection com.mysql.cj.jdbc.ConnectionImpl@270a3cef
2026-04-13 09:43:21.005 INFO  --> HikariPool-1 - Start completed.
2026-04-13 09:43:21.071 INFO  --> HHH10001005: Database info:
	Database JDBC URL [jdbc:mysql://localhost:3306/myTestResourcerDB?createDatabaseIfNotExist=true]
	Database driver: MySQL Connector/J
	Database dialect: MySQLDialect
	Database version: 9.6
	Default catalog/schema: myTestResourcerDB/undefined
	Autocommit mode: undefined/unknown
	Isolation level: REPEATABLE_READ [default REPEATABLE_READ]
	JDBC fetch size: none
	Pool: DataSourceConnectionProvider
	Minimum pool size: undefined/unknown
	Maximum pool size: undefined/unknown
2026-04-13 09:43:21.505 INFO  --> HHH000489: No JTA platform available (set 'hibernate.transaction.jta.platform' to enable JTA platform integration)
2026-04-13 09:43:21.596 INFO  --> Initialized JPA EntityManagerFactory for persistence unit 'default'
2026-04-13 09:43:21.646 INFO  --> Hibernate is in classpath; If applicable, HQL parser will be used.
2026-04-13 09:43:21.743 WARN  --> spring.jpa.open-in-view is enabled by default. Therefore, database queries may be performed during view rendering. Explicitly configure spring.jpa.open-in-view to disable this warning
2026-04-13 09:43:21.804 INFO  --> Global AuthenticationManager configured with UserDetailsService bean with name customUserDetailsService
2026-04-13 09:43:21.899 INFO  --> Adding welcome page template: index
2026-04-13 09:43:22.091 INFO  --> Initializing Spring TestDispatcherServlet ''
2026-04-13 09:43:22.092 INFO  --> Initializing Servlet ''
2026-04-13 09:43:22.093 INFO  --> Completed initialization in 0 ms
2026-04-13 09:43:22.108 INFO  --> Started AllPostEndpointsTest in 3.108 seconds (process running for 4.104)
2026-04-13 09:43:22.215 INFO  --> Asset Requested with ID: 1, by user with Id: 1
2026-04-13 09:43:22.221 DEBUG --> Request Successfully Sent, with asset ID: 1, by user with Id: 1
2026-04-13 09:43:22.243 INFO  --> Closing JPA EntityManagerFactory for persistence unit 'default'
2026-04-13 09:43:22.245 INFO  --> HikariPool-1 - Shutdown initiated...
2026-04-13 09:43:22.249 INFO  --> HikariPool-1 - Shutdown completed.
2026-04-13 09:43:32.739 INFO  --> Starting AllPostEndpointsTest using Java 25.0.2 with PID 45418 (started by etech in /Users/etech/Documents/OOP Project Materials/MyResourcer)
2026-04-13 09:43:32.744 DEBUG --> Running with Spring Boot v4.0.3, Spring v7.0.5
2026-04-13 09:43:32.747 INFO  --> No active profile set, falling back to 1 default profile: "default"
2026-04-13 09:43:33.152 INFO  --> Bootstrapping Spring Data JPA repositories in DEFAULT mode.
2026-04-13 09:43:33.206 INFO  --> Finished Spring Data repository scanning in 40 ms. Found 9 JPA repository interfaces.
2026-04-13 09:43:34.131 INFO  --> HHH008540: Processing PersistenceUnitInfo [name: default]
2026-04-13 09:43:34.175 INFO  --> HHH000001: Hibernate ORM core version 7.2.4.Final
2026-04-13 09:43:34.334 INFO  --> No LoadTimeWeaver setup: ignoring JPA class transformer
2026-04-13 09:43:34.357 INFO  --> HikariPool-1 - Starting...
2026-04-13 09:43:34.631 INFO  --> HikariPool-1 - Added connection com.mysql.cj.jdbc.ConnectionImpl@270a3cef
2026-04-13 09:43:34.631 INFO  --> HikariPool-1 - Start completed.
2026-04-13 09:43:34.701 INFO  --> HHH10001005: Database info:
	Database JDBC URL [jdbc:mysql://localhost:3306/myTestResourcerDB?createDatabaseIfNotExist=true]
	Database driver: MySQL Connector/J
	Database dialect: MySQLDialect
	Database version: 9.6
	Default catalog/schema: myTestResourcerDB/undefined
	Autocommit mode: undefined/unknown
	Isolation level: REPEATABLE_READ [default REPEATABLE_READ]
	JDBC fetch size: none
	Pool: DataSourceConnectionProvider
	Minimum pool size: undefined/unknown
	Maximum pool size: undefined/unknown
2026-04-13 09:43:35.155 INFO  --> HHH000489: No JTA platform available (set 'hibernate.transaction.jta.platform' to enable JTA platform integration)
2026-04-13 09:43:35.234 INFO  --> Initialized JPA EntityManagerFactory for persistence unit 'default'
2026-04-13 09:43:35.289 INFO  --> Hibernate is in classpath; If applicable, HQL parser will be used.
2026-04-13 09:43:35.390 WARN  --> spring.jpa.open-in-view is enabled by default. Therefore, database queries may be performed during view rendering. Explicitly configure spring.jpa.open-in-view to disable this warning
2026-04-13 09:43:35.450 INFO  --> Global AuthenticationManager configured with UserDetailsService bean with name customUserDetailsService
2026-04-13 09:43:35.559 INFO  --> Adding welcome page template: index
2026-04-13 09:43:35.757 INFO  --> Initializing Spring TestDispatcherServlet ''
2026-04-13 09:43:35.758 INFO  --> Initializing Servlet ''
2026-04-13 09:43:35.758 INFO  --> Completed initialization in 0 ms
2026-04-13 09:43:35.775 INFO  --> Started AllPostEndpointsTest in 3.293 seconds (process running for 4.442)
2026-04-13 09:43:35.888 INFO  --> Asset Requested with ID: 1, by user with Id: 1
2026-04-13 09:43:35.893 DEBUG --> Request Successfully Sent, with asset ID: 1, by user with Id: 1
2026-04-13 09:43:35.915 INFO  --> Closing JPA EntityManagerFactory for persistence unit 'default'
2026-04-13 09:43:35.916 INFO  --> HikariPool-1 - Shutdown initiated...
2026-04-13 09:43:35.920 INFO  --> HikariPool-1 - Shutdown completed.
2026-04-13 09:43:54.040 INFO  --> Starting AllPostEndpointsTest using Java 25.0.2 with PID 45459 (started by etech in /Users/etech/Documents/OOP Project Materials/MyResourcer)
2026-04-13 09:43:54.046 DEBUG --> Running with Spring Boot v4.0.3, Spring v7.0.5
2026-04-13 09:43:54.047 INFO  --> No active profile set, falling back to 1 default profile: "default"
2026-04-13 09:43:54.442 INFO  --> Bootstrapping Spring Data JPA repositories in DEFAULT mode.
2026-04-13 09:43:54.477 INFO  --> Finished Spring Data repository scanning in 29 ms. Found 9 JPA repository interfaces.
2026-04-13 09:43:55.312 INFO  --> HHH008540: Processing PersistenceUnitInfo [name: default]
2026-04-13 09:43:55.350 INFO  --> HHH000001: Hibernate ORM core version 7.2.4.Final
2026-04-13 09:43:55.502 INFO  --> No LoadTimeWeaver setup: ignoring JPA class transformer
2026-04-13 09:43:55.522 INFO  --> HikariPool-1 - Starting...
2026-04-13 09:43:55.746 INFO  --> HikariPool-1 - Added connection com.mysql.cj.jdbc.ConnectionImpl@125df632
2026-04-13 09:43:55.746 INFO  --> HikariPool-1 - Start completed.
2026-04-13 09:43:55.792 INFO  --> HHH10001005: Database info:
	Database JDBC URL [jdbc:mysql://localhost:3306/myTestResourcerDB?createDatabaseIfNotExist=true]
	Database driver: MySQL Connector/J
	Database dialect: MySQLDialect
	Database version: 9.6
	Default catalog/schema: myTestResourcerDB/undefined
	Autocommit mode: undefined/unknown
	Isolation level: REPEATABLE_READ [default REPEATABLE_READ]
	JDBC fetch size: none
	Pool: DataSourceConnectionProvider
	Minimum pool size: undefined/unknown
	Maximum pool size: undefined/unknown
2026-04-13 09:43:56.223 INFO  --> HHH000489: No JTA platform available (set 'hibernate.transaction.jta.platform' to enable JTA platform integration)
2026-04-13 09:43:56.292 INFO  --> Initialized JPA EntityManagerFactory for persistence unit 'default'
2026-04-13 09:43:56.342 INFO  --> Hibernate is in classpath; If applicable, HQL parser will be used.
2026-04-13 09:43:56.443 WARN  --> spring.jpa.open-in-view is enabled by default. Therefore, database queries may be performed during view rendering. Explicitly configure spring.jpa.open-in-view to disable this warning
2026-04-13 09:43:56.506 INFO  --> Global AuthenticationManager configured with UserDetailsService bean with name customUserDetailsService
2026-04-13 09:43:56.618 INFO  --> Adding welcome page template: index
2026-04-13 09:43:56.824 INFO  --> Initializing Spring TestDispatcherServlet ''
2026-04-13 09:43:56.825 INFO  --> Initializing Servlet ''
2026-04-13 09:43:56.826 INFO  --> Completed initialization in 0 ms
2026-04-13 09:43:56.844 INFO  --> Started AllPostEndpointsTest in 3.019 seconds (process running for 3.941)
2026-04-13 09:43:56.971 INFO  --> Asset Requested with ID: 1, by user with Id: 1
2026-04-13 09:43:56.977 DEBUG --> Request Successfully Sent, with asset ID: 1, by user with Id: 1
2026-04-13 09:43:57.002 INFO  --> Adding new category: Test Category
2026-04-13 09:43:57.003 DEBUG --> Category added successfully: Test Category
2026-04-13 09:43:57.012 INFO  --> Adding new role: Test Role
2026-04-13 09:43:57.012 DEBUG --> Role added successfully: Test Role
2026-04-13 09:43:57.022 INFO  --> Adding new user: testuser
2026-04-13 09:43:57.022 DEBUG --> User added successfully: testuser
2026-04-13 09:43:57.028 INFO  --> Adding new department: Test Department
2026-04-13 09:43:57.029 DEBUG --> Department added successfully: Test Department
2026-04-13 09:43:57.038 INFO  --> Adding new asset: Test Asset
2026-04-13 09:43:57.039 DEBUG --> Asset added successfully: Test Asset
2026-04-13 09:43:57.046 INFO  --> Adding new condition: Test Condition
2026-04-13 09:43:57.046 DEBUG --> Condition added successfully: Test Condition
2026-04-13 09:43:57.054 INFO  --> Adding new status: Test Status
2026-04-13 09:43:57.055 DEBUG --> Status added successfully: Test Status
2026-04-13 09:43:57.069 INFO  --> Closing JPA EntityManagerFactory for persistence unit 'default'
2026-04-13 09:43:57.072 INFO  --> HikariPool-1 - Shutdown initiated...
2026-04-13 09:43:57.075 INFO  --> HikariPool-1 - Shutdown completed.
2026-04-13 09:44:30.645 INFO  --> Starting AllPutEndpointTest using Java 25.0.2 with PID 45485 (started by etech in /Users/etech/Documents/OOP Project Materials/MyResourcer)
2026-04-13 09:44:30.649 DEBUG --> Running with Spring Boot v4.0.3, Spring v7.0.5
2026-04-13 09:44:30.650 INFO  --> No active profile set, falling back to 1 default profile: "default"
2026-04-13 09:44:31.095 INFO  --> Bootstrapping Spring Data JPA repositories in DEFAULT mode.
2026-04-13 09:44:31.135 INFO  --> Finished Spring Data repository scanning in 33 ms. Found 9 JPA repository interfaces.
2026-04-13 09:44:32.170 INFO  --> HHH008540: Processing PersistenceUnitInfo [name: default]
2026-04-13 09:44:32.214 INFO  --> HHH000001: Hibernate ORM core version 7.2.4.Final
2026-04-13 09:44:32.412 INFO  --> No LoadTimeWeaver setup: ignoring JPA class transformer
2026-04-13 09:44:32.439 INFO  --> HikariPool-1 - Starting...
2026-04-13 09:44:32.708 INFO  --> HikariPool-1 - Added connection com.mysql.cj.jdbc.ConnectionImpl@125df632
2026-04-13 09:44:32.709 INFO  --> HikariPool-1 - Start completed.
2026-04-13 09:44:32.767 INFO  --> HHH10001005: Database info:
	Database JDBC URL [jdbc:mysql://localhost:3306/myTestResourcerDB?createDatabaseIfNotExist=true]
	Database driver: MySQL Connector/J
	Database dialect: MySQLDialect
	Database version: 9.6
	Default catalog/schema: myTestResourcerDB/undefined
	Autocommit mode: undefined/unknown
	Isolation level: REPEATABLE_READ [default REPEATABLE_READ]
	JDBC fetch size: none
	Pool: DataSourceConnectionProvider
	Minimum pool size: undefined/unknown
	Maximum pool size: undefined/unknown
2026-04-13 09:44:33.274 INFO  --> HHH000489: No JTA platform available (set 'hibernate.transaction.jta.platform' to enable JTA platform integration)
2026-04-13 09:44:33.354 INFO  --> Initialized JPA EntityManagerFactory for persistence unit 'default'
2026-04-13 09:44:33.419 INFO  --> Hibernate is in classpath; If applicable, HQL parser will be used.
2026-04-13 09:44:33.547 WARN  --> spring.jpa.open-in-view is enabled by default. Therefore, database queries may be performed during view rendering. Explicitly configure spring.jpa.open-in-view to disable this warning
2026-04-13 09:44:33.621 INFO  --> Global AuthenticationManager configured with UserDetailsService bean with name customUserDetailsService
2026-04-13 09:44:33.765 INFO  --> Adding welcome page template: index
2026-04-13 09:44:33.996 INFO  --> Initializing Spring TestDispatcherServlet ''
2026-04-13 09:44:33.996 INFO  --> Initializing Servlet ''
2026-04-13 09:44:33.997 INFO  --> Completed initialization in 1 ms
2026-04-13 09:44:34.015 INFO  --> Started AllPutEndpointTest in 3.613 seconds (process running for 4.619)
2026-04-13 09:44:34.167 INFO  --> Updating department with ID: 1
2026-04-13 09:44:34.170 DEBUG --> Department 1 successfully updated.
2026-04-13 09:44:34.208 INFO  --> Updating asset with ID: 1
2026-04-13 09:44:34.208 DEBUG --> Asset 1 successfully updated.
2026-04-13 09:44:34.217 INFO  --> Updating role with ID: 1
2026-04-13 09:44:34.218 DEBUG --> Role 1 successfully updated.
2026-04-13 09:44:34.231 INFO  --> Updating user with ID: 1
2026-04-13 09:44:34.232 DEBUG --> User 1 successfully updated.
2026-04-13 09:44:34.242 INFO  --> Updating category with ID: 1
2026-04-13 09:44:34.243 DEBUG --> Category 1 successfully updated.
2026-04-13 09:44:34.252 INFO  --> Updating status with ID: 1
2026-04-13 09:44:34.252 DEBUG --> Status 1 successfully updated.
2026-04-13 09:44:34.262 INFO  --> Updating condition with ID: 1
2026-04-13 09:44:34.262 DEBUG --> Condition 1 successfully updated.
2026-04-13 09:44:34.274 INFO  --> Updating request with ID: 1
2026-04-13 09:44:34.274 DEBUG --> Request 1 successfully updated.
2026-04-13 09:44:34.286 INFO  --> Closing JPA EntityManagerFactory for persistence unit 'default'
2026-04-13 09:44:34.288 INFO  --> HikariPool-1 - Shutdown initiated...
2026-04-13 09:44:34.293 INFO  --> HikariPool-1 - Shutdown completed.
2026-04-13 09:44:43.247 INFO  --> Starting AllDeleteEndpointsTest using Java 25.0.2 with PID 45496 (started by etech in /Users/etech/Documents/OOP Project Materials/MyResourcer)
2026-04-13 09:44:43.255 DEBUG --> Running with Spring Boot v4.0.3, Spring v7.0.5
2026-04-13 09:44:43.256 INFO  --> No active profile set, falling back to 1 default profile: "default"
2026-04-13 09:44:43.620 INFO  --> Bootstrapping Spring Data JPA repositories in DEFAULT mode.
2026-04-13 09:44:43.653 INFO  --> Finished Spring Data repository scanning in 28 ms. Found 9 JPA repository interfaces.
2026-04-13 09:44:44.513 INFO  --> HHH008540: Processing PersistenceUnitInfo [name: default]
2026-04-13 09:44:44.543 INFO  --> HHH000001: Hibernate ORM core version 7.2.4.Final
2026-04-13 09:44:44.685 INFO  --> No LoadTimeWeaver setup: ignoring JPA class transformer
2026-04-13 09:44:44.702 INFO  --> HikariPool-1 - Starting...
2026-04-13 09:44:44.952 INFO  --> HikariPool-1 - Added connection com.mysql.cj.jdbc.ConnectionImpl@125df632
2026-04-13 09:44:44.953 INFO  --> HikariPool-1 - Start completed.
2026-04-13 09:44:44.997 INFO  --> HHH10001005: Database info:
	Database JDBC URL [jdbc:mysql://localhost:3306/myTestResourcerDB?createDatabaseIfNotExist=true]
	Database driver: MySQL Connector/J
	Database dialect: MySQLDialect
	Database version: 9.6
	Default catalog/schema: myTestResourcerDB/undefined
	Autocommit mode: undefined/unknown
	Isolation level: REPEATABLE_READ [default REPEATABLE_READ]
	JDBC fetch size: none
	Pool: DataSourceConnectionProvider
	Minimum pool size: undefined/unknown
	Maximum pool size: undefined/unknown
2026-04-13 09:44:45.408 INFO  --> HHH000489: No JTA platform available (set 'hibernate.transaction.jta.platform' to enable JTA platform integration)
2026-04-13 09:44:45.474 INFO  --> Initialized JPA EntityManagerFactory for persistence unit 'default'
2026-04-13 09:44:45.519 INFO  --> Hibernate is in classpath; If applicable, HQL parser will be used.
2026-04-13 09:44:45.637 WARN  --> spring.jpa.open-in-view is enabled by default. Therefore, database queries may be performed during view rendering. Explicitly configure spring.jpa.open-in-view to disable this warning
2026-04-13 09:44:45.705 INFO  --> Global AuthenticationManager configured with UserDetailsService bean with name customUserDetailsService
2026-04-13 09:44:45.805 INFO  --> Adding welcome page template: index
2026-04-13 09:44:45.990 INFO  --> Initializing Spring TestDispatcherServlet ''
2026-04-13 09:44:45.991 INFO  --> Initializing Servlet ''
2026-04-13 09:44:45.991 INFO  --> Completed initialization in 0 ms
2026-04-13 09:44:46.007 INFO  --> Started AllDeleteEndpointsTest in 2.995 seconds (process running for 4.038)
2026-04-13 09:44:46.154 INFO  --> Closing JPA EntityManagerFactory for persistence unit 'default'
2026-04-13 09:44:46.157 INFO  --> HikariPool-1 - Shutdown initiated...
2026-04-13 09:44:46.161 INFO  --> HikariPool-1 - Shutdown completed.
2026-04-13 09:45:35.531 INFO  --> Starting AllDeleteEndpointsTest using Java 25.0.2 with PID 45550 (started by etech in /Users/etech/Documents/OOP Project Materials/MyResourcer)
2026-04-13 09:45:35.535 DEBUG --> Running with Spring Boot v4.0.3, Spring v7.0.5
2026-04-13 09:45:35.536 INFO  --> No active profile set, falling back to 1 default profile: "default"
2026-04-13 09:45:35.945 INFO  --> Bootstrapping Spring Data JPA repositories in DEFAULT mode.
2026-04-13 09:45:35.978 INFO  --> Finished Spring Data repository scanning in 27 ms. Found 9 JPA repository interfaces.
2026-04-13 09:45:36.842 INFO  --> HHH008540: Processing PersistenceUnitInfo [name: default]
2026-04-13 09:45:36.878 INFO  --> HHH000001: Hibernate ORM core version 7.2.4.Final
2026-04-13 09:45:37.041 INFO  --> No LoadTimeWeaver setup: ignoring JPA class transformer
2026-04-13 09:45:37.064 INFO  --> HikariPool-1 - Starting...
2026-04-13 09:45:37.296 INFO  --> HikariPool-1 - Added connection com.mysql.cj.jdbc.ConnectionImpl@125df632
2026-04-13 09:45:37.297 INFO  --> HikariPool-1 - Start completed.
2026-04-13 09:45:37.357 INFO  --> HHH10001005: Database info:
	Database JDBC URL [jdbc:mysql://localhost:3306/myTestResourcerDB?createDatabaseIfNotExist=true]
	Database driver: MySQL Connector/J
	Database dialect: MySQLDialect
	Database version: 9.6
	Default catalog/schema: myTestResourcerDB/undefined
	Autocommit mode: undefined/unknown
	Isolation level: REPEATABLE_READ [default REPEATABLE_READ]
	JDBC fetch size: none
	Pool: DataSourceConnectionProvider
	Minimum pool size: undefined/unknown
	Maximum pool size: undefined/unknown
2026-04-13 09:45:37.819 INFO  --> HHH000489: No JTA platform available (set 'hibernate.transaction.jta.platform' to enable JTA platform integration)
2026-04-13 09:45:37.887 INFO  --> Initialized JPA EntityManagerFactory for persistence unit 'default'
2026-04-13 09:45:37.935 INFO  --> Hibernate is in classpath; If applicable, HQL parser will be used.
2026-04-13 09:45:38.050 WARN  --> spring.jpa.open-in-view is enabled by default. Therefore, database queries may be performed during view rendering. Explicitly configure spring.jpa.open-in-view to disable this warning
2026-04-13 09:45:38.106 INFO  --> Global AuthenticationManager configured with UserDetailsService bean with name customUserDetailsService
2026-04-13 09:45:38.216 INFO  --> Adding welcome page template: index
2026-04-13 09:45:38.438 INFO  --> Initializing Spring TestDispatcherServlet ''
2026-04-13 09:45:38.438 INFO  --> Initializing Servlet ''
2026-04-13 09:45:38.439 INFO  --> Completed initialization in 1 ms
2026-04-13 09:45:38.458 INFO  --> Started AllDeleteEndpointsTest in 3.135 seconds (process running for 4.022)
2026-04-13 09:45:38.624 INFO  --> Closing JPA EntityManagerFactory for persistence unit 'default'
2026-04-13 09:45:38.625 INFO  --> HikariPool-1 - Shutdown initiated...
2026-04-13 09:45:38.628 INFO  --> HikariPool-1 - Shutdown completed.
2026-04-13 09:45:59.155 INFO  --> Starting AllDeleteEndpointsTest using Java 25.0.2 with PID 45567 (started by etech in /Users/etech/Documents/OOP Project Materials/MyResourcer)
2026-04-13 09:45:59.159 DEBUG --> Running with Spring Boot v4.0.3, Spring v7.0.5
2026-04-13 09:45:59.159 INFO  --> No active profile set, falling back to 1 default profile: "default"
2026-04-13 09:45:59.575 INFO  --> Bootstrapping Spring Data JPA repositories in DEFAULT mode.
2026-04-13 09:45:59.611 INFO  --> Finished Spring Data repository scanning in 28 ms. Found 9 JPA repository interfaces.
2026-04-13 09:46:00.510 INFO  --> HHH008540: Processing PersistenceUnitInfo [name: default]
2026-04-13 09:46:00.552 INFO  --> HHH000001: Hibernate ORM core version 7.2.4.Final
2026-04-13 09:46:00.714 INFO  --> No LoadTimeWeaver setup: ignoring JPA class transformer
2026-04-13 09:46:00.734 INFO  --> HikariPool-1 - Starting...
2026-04-13 09:46:00.965 INFO  --> HikariPool-1 - Added connection com.mysql.cj.jdbc.ConnectionImpl@125df632
2026-04-13 09:46:00.966 INFO  --> HikariPool-1 - Start completed.
2026-04-13 09:46:01.011 INFO  --> HHH10001005: Database info:
	Database JDBC URL [jdbc:mysql://localhost:3306/myTestResourcerDB?createDatabaseIfNotExist=true]
	Database driver: MySQL Connector/J
	Database dialect: MySQLDialect
	Database version: 9.6
	Default catalog/schema: myTestResourcerDB/undefined
	Autocommit mode: undefined/unknown
	Isolation level: REPEATABLE_READ [default REPEATABLE_READ]
	JDBC fetch size: none
	Pool: DataSourceConnectionProvider
	Minimum pool size: undefined/unknown
	Maximum pool size: undefined/unknown
2026-04-13 09:46:01.450 INFO  --> HHH000489: No JTA platform available (set 'hibernate.transaction.jta.platform' to enable JTA platform integration)
2026-04-13 09:46:01.512 INFO  --> Initialized JPA EntityManagerFactory for persistence unit 'default'
2026-04-13 09:46:01.564 INFO  --> Hibernate is in classpath; If applicable, HQL parser will be used.
2026-04-13 09:46:01.653 WARN  --> spring.jpa.open-in-view is enabled by default. Therefore, database queries may be performed during view rendering. Explicitly configure spring.jpa.open-in-view to disable this warning
2026-04-13 09:46:01.714 INFO  --> Global AuthenticationManager configured with UserDetailsService bean with name customUserDetailsService
2026-04-13 09:46:01.834 INFO  --> Adding welcome page template: index
2026-04-13 09:46:02.028 INFO  --> Initializing Spring TestDispatcherServlet ''
2026-04-13 09:46:02.028 INFO  --> Initializing Servlet ''
2026-04-13 09:46:02.029 INFO  --> Completed initialization in 0 ms
2026-04-13 09:46:02.045 INFO  --> Started AllDeleteEndpointsTest in 3.1 seconds (process running for 3.993)
2026-04-13 09:46:02.110 INFO  --> Deleting department with ID: 1
2026-04-13 09:46:02.112 DEBUG --> Department 1 successfully deleted.
2026-04-13 09:46:02.135 INFO  --> Deleting request with ID: 1
2026-04-13 09:46:02.135 DEBUG --> Request 1 successfully deleted.
2026-04-13 09:46:02.198 INFO  --> Updating asset with ID: 1
2026-04-13 09:46:02.199 DEBUG --> Asset 1 successfully updated.
2026-04-13 09:46:02.207 INFO  --> Deleting condition with ID: 1
2026-04-13 09:46:02.208 DEBUG --> Condition 1 successfully deleted.
2026-04-13 09:46:02.216 INFO  --> Deleting status with ID: 1
2026-04-13 09:46:02.216 DEBUG --> Status 1 successfully deleted
2026-04-13 09:46:02.223 INFO  --> Deleting category with ID: 1
2026-04-13 09:46:02.223 DEBUG --> Category 1 succesfully deleted.
2026-04-13 09:46:02.229 INFO  --> Deleting role with ID: 1
2026-04-13 09:46:02.230 DEBUG --> Role 1 successfully deleted.
2026-04-13 09:46:02.235 INFO  --> Deleting user with ID: 1
2026-04-13 09:46:02.236 DEBUG --> User 1 successfully deleted.
2026-04-13 09:46:02.245 INFO  --> Closing JPA EntityManagerFactory for persistence unit 'default'
2026-04-13 09:46:02.247 INFO  --> HikariPool-1 - Shutdown initiated...
2026-04-13 09:46:02.251 INFO  --> HikariPool-1 - Shutdown completed.
2026-04-13 09:46:08.897 INFO  --> Starting AllDeleteEndpointsTest using Java 25.0.2 with PID 45575 (started by etech in /Users/etech/Documents/OOP Project Materials/MyResourcer)
2026-04-13 09:46:08.904 DEBUG --> Running with Spring Boot v4.0.3, Spring v7.0.5
2026-04-13 09:46:08.905 INFO  --> No active profile set, falling back to 1 default profile: "default"
2026-04-13 09:46:09.273 INFO  --> Bootstrapping Spring Data JPA repositories in DEFAULT mode.
2026-04-13 09:46:09.309 INFO  --> Finished Spring Data repository scanning in 31 ms. Found 9 JPA repository interfaces.
2026-04-13 09:46:10.133 INFO  --> HHH008540: Processing PersistenceUnitInfo [name: default]
2026-04-13 09:46:10.163 INFO  --> HHH000001: Hibernate ORM core version 7.2.4.Final
2026-04-13 09:46:10.305 INFO  --> No LoadTimeWeaver setup: ignoring JPA class transformer
2026-04-13 09:46:10.322 INFO  --> HikariPool-1 - Starting...
2026-04-13 09:46:10.529 INFO  --> HikariPool-1 - Added connection com.mysql.cj.jdbc.ConnectionImpl@125df632
2026-04-13 09:46:10.530 INFO  --> HikariPool-1 - Start completed.
2026-04-13 09:46:10.575 INFO  --> HHH10001005: Database info:
	Database JDBC URL [jdbc:mysql://localhost:3306/myTestResourcerDB?createDatabaseIfNotExist=true]
	Database driver: MySQL Connector/J
	Database dialect: MySQLDialect
	Database version: 9.6
	Default catalog/schema: myTestResourcerDB/undefined
	Autocommit mode: undefined/unknown
	Isolation level: REPEATABLE_READ [default REPEATABLE_READ]
	JDBC fetch size: none
	Pool: DataSourceConnectionProvider
	Minimum pool size: undefined/unknown
	Maximum pool size: undefined/unknown
2026-04-13 09:46:11.002 INFO  --> HHH000489: No JTA platform available (set 'hibernate.transaction.jta.platform' to enable JTA platform integration)
2026-04-13 09:46:11.057 INFO  --> Initialized JPA EntityManagerFactory for persistence unit 'default'
2026-04-13 09:46:11.107 INFO  --> Hibernate is in classpath; If applicable, HQL parser will be used.
2026-04-13 09:46:11.196 WARN  --> spring.jpa.open-in-view is enabled by default. Therefore, database queries may be performed during view rendering. Explicitly configure spring.jpa.open-in-view to disable this warning
2026-04-13 09:46:11.255 INFO  --> Global AuthenticationManager configured with UserDetailsService bean with name customUserDetailsService
2026-04-13 09:46:11.365 INFO  --> Adding welcome page template: index
2026-04-13 09:46:11.552 INFO  --> Initializing Spring TestDispatcherServlet ''
2026-04-13 09:46:11.552 INFO  --> Initializing Servlet ''
2026-04-13 09:46:11.553 INFO  --> Completed initialization in 1 ms
2026-04-13 09:46:11.568 INFO  --> Started AllDeleteEndpointsTest in 2.875 seconds (process running for 3.729)
2026-04-13 09:46:11.632 INFO  --> Deleting department with ID: 1
2026-04-13 09:46:11.634 DEBUG --> Department 1 successfully deleted.
2026-04-13 09:46:11.658 INFO  --> Deleting request with ID: 1
2026-04-13 09:46:11.658 DEBUG --> Request 1 successfully deleted.
2026-04-13 09:46:11.713 INFO  --> Updating asset with ID: 1
2026-04-13 09:46:11.713 DEBUG --> Asset 1 successfully updated.
2026-04-13 09:46:11.721 INFO  --> Deleting condition with ID: 1
2026-04-13 09:46:11.722 DEBUG --> Condition 1 successfully deleted.
2026-04-13 09:46:11.728 INFO  --> Deleting status with ID: 1
2026-04-13 09:46:11.728 DEBUG --> Status 1 successfully deleted
2026-04-13 09:46:11.735 INFO  --> Deleting category with ID: 1
2026-04-13 09:46:11.735 DEBUG --> Category 1 succesfully deleted.
2026-04-13 09:46:11.743 INFO  --> Deleting role with ID: 1
2026-04-13 09:46:11.743 DEBUG --> Role 1 successfully deleted.
2026-04-13 09:46:11.749 INFO  --> Deleting user with ID: 1
2026-04-13 09:46:11.749 DEBUG --> User 1 successfully deleted.
2026-04-13 09:46:11.758 INFO  --> Closing JPA EntityManagerFactory for persistence unit 'default'
2026-04-13 09:46:11.759 INFO  --> HikariPool-1 - Shutdown initiated...
2026-04-13 09:46:11.762 INFO  --> HikariPool-1 - Shutdown completed.
2026-04-13 09:47:23.228 INFO  --> Starting MyResourcerApplicationTests using Java 25.0.2 with PID 45586 (started by etech in /Users/etech/Documents/OOP Project Materials/MyResourcer)
2026-04-13 09:47:23.235 DEBUG --> Running with Spring Boot v4.0.3, Spring v7.0.5
2026-04-13 09:47:23.236 INFO  --> No active profile set, falling back to 1 default profile: "default"
2026-04-13 09:47:23.611 INFO  --> Bootstrapping Spring Data JPA repositories in DEFAULT mode.
2026-04-13 09:47:23.643 INFO  --> Finished Spring Data repository scanning in 27 ms. Found 9 JPA repository interfaces.
2026-04-13 09:47:23.895 INFO  --> HHH008540: Processing PersistenceUnitInfo [name: default]
2026-04-13 09:47:23.933 INFO  --> HHH000001: Hibernate ORM core version 7.2.4.Final
2026-04-13 09:47:24.170 INFO  --> No LoadTimeWeaver setup: ignoring JPA class transformer
2026-04-13 09:47:24.193 INFO  --> HikariPool-1 - Starting...
2026-04-13 09:47:24.385 INFO  --> HikariPool-1 - Added connection com.mysql.cj.jdbc.ConnectionImpl@1a48a582
2026-04-13 09:47:24.386 INFO  --> HikariPool-1 - Start completed.
2026-04-13 09:47:24.437 INFO  --> HHH10001005: Database info:
	Database JDBC URL [jdbc:mysql://localhost:3306/myTestResourcerDB?createDatabaseIfNotExist=true]
	Database driver: MySQL Connector/J
	Database dialect: MySQLDialect
	Database version: 9.6
	Default catalog/schema: myTestResourcerDB/undefined
	Autocommit mode: undefined/unknown
	Isolation level: REPEATABLE_READ [default REPEATABLE_READ]
	JDBC fetch size: none
	Pool: DataSourceConnectionProvider
	Minimum pool size: undefined/unknown
	Maximum pool size: undefined/unknown
2026-04-13 09:47:24.940 INFO  --> HHH000489: No JTA platform available (set 'hibernate.transaction.jta.platform' to enable JTA platform integration)
2026-04-13 09:47:24.995 INFO  --> Initialized JPA EntityManagerFactory for persistence unit 'default'
2026-04-13 09:47:25.037 INFO  --> Hibernate is in classpath; If applicable, HQL parser will be used.
2026-04-13 09:47:25.216 WARN  --> spring.jpa.open-in-view is enabled by default. Therefore, database queries may be performed during view rendering. Explicitly configure spring.jpa.open-in-view to disable this warning
2026-04-13 09:47:25.271 INFO  --> Global AuthenticationManager configured with UserDetailsService bean with name customUserDetailsService
2026-04-13 09:47:25.364 INFO  --> Adding welcome page template: index
2026-04-13 09:47:25.541 INFO  --> Started MyResourcerApplicationTests in 2.516 seconds (process running for 3.513)
2026-04-13 09:47:25.817 INFO  --> Closing JPA EntityManagerFactory for persistence unit 'default'
2026-04-13 09:47:25.820 INFO  --> HikariPool-1 - Shutdown initiated...
2026-04-13 09:47:25.824 INFO  --> HikariPool-1 - Shutdown completed.
2026-04-13 09:47:32.860 INFO  --> Starting MyResourcerApplicationTests using Java 25.0.2 with PID 45598 (started by etech in /Users/etech/Documents/OOP Project Materials/MyResourcer)
2026-04-13 09:47:32.864 DEBUG --> Running with Spring Boot v4.0.3, Spring v7.0.5
2026-04-13 09:47:32.864 INFO  --> No active profile set, falling back to 1 default profile: "default"
2026-04-13 09:47:33.234 INFO  --> Bootstrapping Spring Data JPA repositories in DEFAULT mode.
2026-04-13 09:47:33.268 INFO  --> Finished Spring Data repository scanning in 28 ms. Found 9 JPA repository interfaces.
2026-04-13 09:47:33.496 INFO  --> HHH008540: Processing PersistenceUnitInfo [name: default]
2026-04-13 09:47:33.525 INFO  --> HHH000001: Hibernate ORM core version 7.2.4.Final
2026-04-13 09:47:33.752 INFO  --> No LoadTimeWeaver setup: ignoring JPA class transformer
2026-04-13 09:47:33.768 INFO  --> HikariPool-1 - Starting...
2026-04-13 09:47:33.974 INFO  --> HikariPool-1 - Added connection com.mysql.cj.jdbc.ConnectionImpl@5d957cf0
2026-04-13 09:47:33.975 INFO  --> HikariPool-1 - Start completed.
2026-04-13 09:47:34.018 INFO  --> HHH10001005: Database info:
	Database JDBC URL [jdbc:mysql://localhost:3306/myTestResourcerDB?createDatabaseIfNotExist=true]
	Database driver: MySQL Connector/J
	Database dialect: MySQLDialect
	Database version: 9.6
	Default catalog/schema: myTestResourcerDB/undefined
	Autocommit mode: undefined/unknown
	Isolation level: REPEATABLE_READ [default REPEATABLE_READ]
	JDBC fetch size: none
	Pool: DataSourceConnectionProvider
	Minimum pool size: undefined/unknown
	Maximum pool size: undefined/unknown
2026-04-13 09:47:34.496 INFO  --> HHH000489: No JTA platform available (set 'hibernate.transaction.jta.platform' to enable JTA platform integration)
2026-04-13 09:47:34.551 INFO  --> Initialized JPA EntityManagerFactory for persistence unit 'default'
2026-04-13 09:47:34.593 INFO  --> Hibernate is in classpath; If applicable, HQL parser will be used.
2026-04-13 09:47:34.773 WARN  --> spring.jpa.open-in-view is enabled by default. Therefore, database queries may be performed during view rendering. Explicitly configure spring.jpa.open-in-view to disable this warning
2026-04-13 09:47:34.834 INFO  --> Global AuthenticationManager configured with UserDetailsService bean with name customUserDetailsService
2026-04-13 09:47:34.931 INFO  --> Adding welcome page template: index
2026-04-13 09:47:35.100 INFO  --> Started MyResourcerApplicationTests in 2.438 seconds (process running for 3.208)
2026-04-13 09:47:35.355 INFO  --> Closing JPA EntityManagerFactory for persistence unit 'default'
2026-04-13 09:47:35.356 INFO  --> HikariPool-1 - Shutdown initiated...
2026-04-13 09:47:35.359 INFO  --> HikariPool-1 - Shutdown completed.
